0 info it worked if it ends with ok
1 verbose cli [ 'C:\\Program Files\\nodejs\\node.exe',
1 verbose cli   'C:\\Program Files\\nodejs\\node_modules\\npm\\bin\\npm-cli.js',
1 verbose cli   'install',
1 verbose cli   'angular' ]
2 info using npm@4.1.2
3 info using node@v7.7.1
4 verbose config Skipping project config: C:\Users\GRESA/.npmrc. (matches userconfig)
5 silly loadCurrentTree Starting
6 silly install loadCurrentTree
7 silly install readLocalPackageData
8 silly fetchPackageMetaData angular
9 silly fetchNamedPackageData angular
10 silly mapToRegistry name angular
11 silly mapToRegistry using default registry
12 silly mapToRegistry registry https://registry.npmjs.org/
13 silly mapToRegistry data Result {
13 silly mapToRegistry   raw: 'angular',
13 silly mapToRegistry   scope: null,
13 silly mapToRegistry   escapedName: 'angular',
13 silly mapToRegistry   name: 'angular',
13 silly mapToRegistry   rawSpec: '',
13 silly mapToRegistry   spec: 'latest',
13 silly mapToRegistry   type: 'tag' }
14 silly mapToRegistry uri https://registry.npmjs.org/angular
15 verbose request uri https://registry.npmjs.org/angular
16 verbose request no auth needed
17 info attempt registry request try #1 at 7:18:30 PM
18 verbose request id b0632cbabb017046
19 verbose etag W/"58bed6d7-24132"
20 verbose lastModified Tue, 07 Mar 2017 15:50:47 GMT
21 http request GET https://registry.npmjs.org/angular
22 http 304 https://registry.npmjs.org/angular
23 verbose headers { date: 'Tue, 07 Mar 2017 18:18:25 GMT',
23 verbose headers   via: '1.1 varnish',
23 verbose headers   'cache-control': 'max-age=300',
23 verbose headers   etag: 'W/"58bed6d7-24132"',
23 verbose headers   age: '183',
23 verbose headers   connection: 'keep-alive',
23 verbose headers   'x-served-by': 'cache-hhn1523-HHN',
23 verbose headers   'x-cache': 'HIT',
23 verbose headers   'x-cache-hits': '1',
23 verbose headers   'x-timer': 'S1488910705.304925,VS0,VE0',
23 verbose headers   vary: 'Accept-Encoding' }
24 silly get cb [ 304,
24 silly get   { date: 'Tue, 07 Mar 2017 18:18:25 GMT',
24 silly get     via: '1.1 varnish',
24 silly get     'cache-control': 'max-age=300',
24 silly get     etag: 'W/"58bed6d7-24132"',
24 silly get     age: '183',
24 silly get     connection: 'keep-alive',
24 silly get     'x-served-by': 'cache-hhn1523-HHN',
24 silly get     'x-cache': 'HIT',
24 silly get     'x-cache-hits': '1',
24 silly get     'x-timer': 'S1488910705.304925,VS0,VE0',
24 silly get     vary: 'Accept-Encoding' } ]
25 verbose etag https://registry.npmjs.org/angular from cache
26 verbose get saving angular to C:\Users\GRESA\AppData\Roaming\npm-cache\registry.npmjs.org\angular\.cache.json
27 verbose correctMkdir C:\Users\GRESA\AppData\Roaming\npm-cache correctMkdir not in flight; initializing
28 silly install normalizeTree
29 silly loadCurrentTree Finishing
30 silly loadIdealTree Starting
31 silly install loadIdealTree
32 silly cloneCurrentTree Starting
33 silly install cloneCurrentTreeToIdealTree
34 silly cloneCurrentTree Finishing
35 silly loadShrinkwrap Starting
36 silly install loadShrinkwrap
37 silly loadShrinkwrap Finishing
38 silly loadAllDepsIntoIdealTree Starting
39 silly install loadAllDepsIntoIdealTree
40 silly rollbackFailedOptional Starting
41 silly rollbackFailedOptional Finishing
42 silly runTopLevelLifecycles Finishing
43 silly install printInstalled
44 verbose stack Error: Refusing to install package with name "angular" under a package
44 verbose stack also called "angular". Did you name your project the same
44 verbose stack as the dependency you're installing?
44 verbose stack
44 verbose stack For more information, see:
44 verbose stack     <https://docs.npmjs.com/cli/install#limitations-of-npms-install-algorithm>
44 verbose stack     at checkSelf (C:\Program Files\nodejs\node_modules\npm\lib\install\validate-args.js:53:14)
44 verbose stack     at Array.<anonymous> (C:\Program Files\nodejs\node_modules\npm\node_modules\slide\lib\bind-actor.js:15:8)
44 verbose stack     at LOOP (C:\Program Files\nodejs\node_modules\npm\node_modules\slide\lib\chain.js:15:14)
44 verbose stack     at chain (C:\Program Files\nodejs\node_modules\npm\node_modules\slide\lib\chain.js:20:5)
44 verbose stack     at C:\Program Files\nodejs\node_modules\npm\lib\install\validate-args.js:16:5
44 verbose stack     at C:\Program Files\nodejs\node_modules\npm\node_modules\slide\lib\async-map.js:52:35
44 verbose stack     at Array.forEach (native)
44 verbose stack     at C:\Program Files\nodejs\node_modules\npm\node_modules\slide\lib\async-map.js:52:11
44 verbose stack     at Array.forEach (native)
44 verbose stack     at asyncMap (C:\Program Files\nodejs\node_modules\npm\node_modules\slide\lib\async-map.js:51:8)
45 verbose cwd C:\Users\GRESA\Desktop\KUWO\WEBDEV\workshop
46 error Windows_NT 10.0.14393
47 error argv "C:\\Program Files\\nodejs\\node.exe" "C:\\Program Files\\nodejs\\node_modules\\npm\\bin\\npm-cli.js" "install" "angular"
48 error node v7.7.1
49 error npm  v4.1.2
50 error code ENOSELF
51 error Refusing to install package with name "angular" under a package
51 error also called "angular". Did you name your project the same
51 error as the dependency you're installing?
51 error
51 error For more information, see:
51 error     <https://docs.npmjs.com/cli/install#limitations-of-npms-install-algorithm>
52 error If you need help, you may report this error at:
52 error     <https://github.com/npm/npm/issues>
53 verbose exit [ 1, true ]
